[2020-06-19 10:10:48] DEBUG: Log4jTest.java:12 - 디버그!!kr.or.test.MemberVO@7106e68e
[2020-06-19 10:10:48] INFO : Log4jTest.java:13 - 인포!!
[2020-06-19 10:10:48] WARN : Log4jTest.java:14 - 워닝!!
[2020-06-19 10:10:48] ERROR: Log4jTest.java:15 - 에러!!
[2020-06-19 10:10:48] FATAL: Log4jTest.java:16 - 파탈에러!!
[2020-06-19 10:36:07.251] DEBUG Log4jTest.test(Log4jTest.java:12) - 디버그!!kr.or.test.MemberVO@7106e68e
[2020-06-19 10:36:07.251] INFO  Log4jTest.test(Log4jTest.java:13) - 인포!!
[2020-06-19 10:36:07.251] WARN  Log4jTest.test(Log4jTest.java:14) - 워닝!!
[2020-06-19 10:36:07.251] ERROR Log4jTest.test(Log4jTest.java:15) - 에러!!
[2020-06-19 10:36:07.251] FATAL Log4jTest.test(Log4jTest.java:16) - 파탈에러!!
[2020-06-19 10:40:33.226] DEBUG Log4jTest.test(Log4jTest.java:12) - 디버그!!kr.or.test.MemberVO@7106e68e
[2020-06-19 10:40:33.241] INFO  Log4jTest.test(Log4jTest.java:13) - 인포!!
[2020-06-19 10:40:33.241] WARN  Log4jTest.test(Log4jTest.java:14) - 워닝!!
[2020-06-19 10:40:33.241] ERROR Log4jTest.test(Log4jTest.java:15) - 에러!!
[2020-06-19 10:40:33.241] FATAL Log4jTest.test(Log4jTest.java:16) - 파탈에러!!
[2020-06-19 10:42:40.058] DEBUG Log4jTest.test(Log4jTest.java:12) - 디버그!!kr.or.test.MemberVO@7106e68e
[2020-06-19 10:42:40.058] INFO  Log4jTest.test(Log4jTest.java:13) - 인포!!
[2020-06-19 10:42:40.058] WARN  Log4jTest.test(Log4jTest.java:14) - 워닝!!
[2020-06-19 10:42:40.058] ERROR Log4jTest.test(Log4jTest.java:15) - 에러!!
[2020-06-19 10:42:40.058] FATAL Log4jTest.test(Log4jTest.java:16) - 파탈에러!!
[2020-06-19 10:42:52.101] DEBUG Log4jTest.test(Log4jTest.java:12) - 디버그!!kr.or.test.MemberVO@7106e68e
[2020-06-19 10:42:52.117] INFO  Log4jTest.test(Log4jTest.java:13) - 인포!!
[2020-06-19 10:42:52.117] WARN  Log4jTest.test(Log4jTest.java:14) - 워닝!!
[2020-06-19 10:42:52.117] ERROR Log4jTest.test(Log4jTest.java:15) - 에러!!
[2020-06-19 10:42:52.117] FATAL Log4jTest.test(Log4jTest.java:16) - 파탈에러!!
[2020-06-19 10:45:49.559] DEBUG Log4jTest.test(Log4jTest.java:12) - 디버그!!kr.or.test.MemberVO@612679d6
[2020-06-19 10:45:49.559] INFO  Log4jTest.test(Log4jTest.java:13) - 인포!!
[2020-06-19 10:45:49.559] WARN  Log4jTest.test(Log4jTest.java:14) - 워닝!!
[2020-06-19 10:45:49.559] ERROR Log4jTest.test(Log4jTest.java:15) - 에러!!
[2020-06-19 10:45:49.559] FATAL Log4jTest.test(Log4jTest.java:16) - 파탈에러!!
[2020-06-19 11:01:48.287] DEBUG Log4jTest.test(Log4jTest.java:12) - 디버그!!kr.or.test.MemberVO@7106e68e
[2020-06-19 11:01:48.287] INFO  Log4jTest.test(Log4jTest.java:13) - 인포!!
[2020-06-19 11:01:48.287] WARN  Log4jTest.test(Log4jTest.java:14) - 워닝!!
[2020-06-19 11:01:48.287] ERROR Log4jTest.test(Log4jTest.java:15) - 에러!!
[2020-06-19 11:01:48.287] FATAL Log4jTest.test(Log4jTest.java:16) - 파탈에러!!
[2020-06-19 11:12:25.842] DEBUG Log4jTest.test(Log4jTest.java:12) - 디버그!!MemberVO [name=홍길동, age=24, phoneNum=null]
[2020-06-19 11:12:25.842] INFO  Log4jTest.test(Log4jTest.java:13) - 인포!!
[2020-06-19 11:12:25.842] WARN  Log4jTest.test(Log4jTest.java:14) - 워닝!!
[2020-06-19 11:12:25.842] ERROR Log4jTest.test(Log4jTest.java:15) - 에러!!
[2020-06-19 11:12:25.842] FATAL Log4jTest.test(Log4jTest.java:16) - 파탈에러!!
[2020-06-19 11:28:05.911] INFO  Log4jTest.test(Log4jTest.java:17) - test라는 메서드를 사용한 PC아이피는 :192.168.56.1
[2020-06-19 11:28:05.911] DEBUG Log4jTest.test(Log4jTest.java:22) - 디버그!!MemberVO [name=홍길동, age=24, phoneNum=null]
[2020-06-19 11:28:05.911] INFO  Log4jTest.test(Log4jTest.java:23) - 인포!!
[2020-06-19 11:28:05.911] WARN  Log4jTest.test(Log4jTest.java:24) - 워닝!!
[2020-06-19 11:28:05.911] ERROR Log4jTest.test(Log4jTest.java:25) - 에러!!
[2020-06-19 11:28:05.911] FATAL Log4jTest.test(Log4jTest.java:26) - 파탈에러!!
[2020-06-19 16:36:27.673] INFO  AbstractTestContextBootstrapper.getDefaultTestExecutionListenerClassNames(AbstractTestContextBootstrapper.java:248) - Loaded default TestExecutionListener class names from location [META-INF/spring.factories]: [org.springframework.test.context.web.ServletTestExecutionListener, org.springframework.test.context.support.DirtiesContextBeforeModesTestExecutionListener, org.springframework.test.context.support.DependencyInjectionTestExecutionListener, org.springframework.test.context.support.DirtiesContextTestExecutionListener, org.springframework.test.context.transaction.TransactionalTestExecutionListener, org.springframework.test.context.jdbc.SqlScriptsTestExecutionListener]
[2020-06-19 16:36:27.705] INFO  AbstractTestContextBootstrapper.getTestExecutionListeners(AbstractTestContextBootstrapper.java:174) - Using TestExecutionListeners: [org.springframework.test.context.web.ServletTestExecutionListener@548b7f67, org.springframework.test.context.support.DirtiesContextBeforeModesTestExecutionListener@7ac7a4e4, org.springframework.test.context.support.DependencyInjectionTestExecutionListener@6d78f375, org.springframework.test.context.support.DirtiesContextTestExecutionListener@50c87b21, org.springframework.test.context.transaction.TransactionalTestExecutionListener@5f375618, org.springframework.test.context.jdbc.SqlScriptsTestExecutionListener@1810399e]
[2020-06-19 16:36:27.798] INFO  XmlBeanDefinitionReader.loadBeanDefinitions(XmlBeanDefinitionReader.java:317) - Loading XML bean definitions from file [C:\egov\workspace\Komyunghak\src\main\webapp\WEB-INF\spring\appServlet\servlet-context.xml]
[2020-06-19 16:36:28.656] INFO  XmlBeanDefinitionReader.loadBeanDefinitions(XmlBeanDefinitionReader.java:317) - Loading XML bean definitions from file [C:\egov\workspace\Komyunghak\src\main\webapp\WEB-INF\spring\root-context.xml]
[2020-06-19 16:36:28.704] INFO  AbstractApplicationContext.prepareRefresh(AbstractApplicationContext.java:583) - Refreshing org.springframework.web.context.support.GenericWebApplicationContext@4dfa3a9d: startup date [Fri Jun 19 16:36:28 KST 2020]; root of context hierarchy
[2020-06-19 16:36:28.829] INFO  AutowiredAnnotationBeanPostProcessor.<init>(AutowiredAnnotationBeanPostProcessor.java:155) - JSR-330 'javax.inject.Inject' annotation found and supported for autowiring
[2020-06-19 16:36:29.047] INFO  AbstractHandlerMethodMapping$MappingRegistry.register(AbstractHandlerMethodMapping.java:544) - Mapped "{[/],methods=[GET]}" onto public java.lang.String org.edu.controller.HomeController.home(java.util.Locale,org.springframework.ui.Model)
[2020-06-19 16:36:29.047] INFO  AbstractHandlerMethodMapping$MappingRegistry.register(AbstractHandlerMethodMapping.java:544) - Mapped "{[/sample/work],methods=[GET]}" onto public java.lang.String org.edu.controller.HomeController.work(java.util.Locale,org.springframework.ui.Model)
[2020-06-19 16:36:29.047] INFO  AbstractHandlerMethodMapping$MappingRegistry.register(AbstractHandlerMethodMapping.java:544) - Mapped "{[/sample/slide],methods=[GET]}" onto public java.lang.String org.edu.controller.HomeController.slide(java.util.Locale,org.springframework.ui.Model)
[2020-06-19 16:36:29.047] INFO  AbstractHandlerMethodMapping$MappingRegistry.register(AbstractHandlerMethodMapping.java:544) - Mapped "{[/sample/contactus],methods=[GET]}" onto public java.lang.String org.edu.controller.HomeController.contactus(java.util.Locale,org.springframework.ui.Model)
[2020-06-19 16:36:29.047] INFO  AbstractHandlerMethodMapping$MappingRegistry.register(AbstractHandlerMethodMapping.java:544) - Mapped "{[/sample/blog],methods=[GET]}" onto public java.lang.String org.edu.controller.HomeController.blog(java.util.Locale,org.springframework.ui.Model)
[2020-06-19 16:36:29.047] INFO  AbstractHandlerMethodMapping$MappingRegistry.register(AbstractHandlerMethodMapping.java:544) - Mapped "{[/sample/weare],methods=[GET]}" onto public java.lang.String org.edu.controller.HomeController.weare(java.util.Locale,org.springframework.ui.Model)
[2020-06-19 16:36:29.047] INFO  AbstractHandlerMethodMapping$MappingRegistry.register(AbstractHandlerMethodMapping.java:544) - Mapped "{[/sample/htmltest],methods=[GET]}" onto public java.lang.String org.edu.controller.HomeController.htmltest(java.util.Locale,org.springframework.ui.Model)
[2020-06-19 16:36:29.047] INFO  AbstractHandlerMethodMapping$MappingRegistry.register(AbstractHandlerMethodMapping.java:544) - Mapped "{[/sample/],methods=[GET]}" onto public java.lang.String org.edu.controller.HomeController.sample(java.util.Locale,org.springframework.ui.Model)
[2020-06-19 16:36:29.188] INFO  RequestMappingHandlerAdapter.initControllerAdviceCache(RequestMappingHandlerAdapter.java:556) - Looking for @ControllerAdvice: org.springframework.web.context.support.GenericWebApplicationContext@4dfa3a9d: startup date [Fri Jun 19 16:36:28 KST 2020]; root of context hierarchy
[2020-06-19 16:36:29.219] INFO  RequestMappingHandlerAdapter.initControllerAdviceCache(RequestMappingHandlerAdapter.java:556) - Looking for @ControllerAdvice: org.springframework.web.context.support.GenericWebApplicationContext@4dfa3a9d: startup date [Fri Jun 19 16:36:28 KST 2020]; root of context hierarchy
[2020-06-19 16:36:29.266] INFO  AbstractUrlHandlerMapping.registerHandler(AbstractUrlHandlerMapping.java:362) - Mapped URL path [/resources/**] onto handler 'org.springframework.web.servlet.resource.ResourceHttpRequestHandler#0'
[2020-06-19 16:36:29.328] INFO  EmbeddedDatabaseFactory.initDatabase(EmbeddedDatabaseFactory.java:185) - Starting embedded database: url='jdbc:hsqldb:mem:dataSource', username='sa'
[2020-06-19 16:36:29.546] INFO  ScriptUtils.executeSqlScript(ScriptUtils.java:443) - Executing SQL script from class path resource [db/edu_hsql.sql]
[2020-06-19 16:36:29.562] INFO  ScriptUtils.executeSqlScript(ScriptUtils.java:509) - Executed SQL script from class path resource [db/edu_hsql.sql] in 0 ms.
[2020-06-19 16:36:29.624] INFO  AbstractApplicationContext.doClose(AbstractApplicationContext.java:984) - Closing org.springframework.web.context.support.GenericWebApplicationContext@4dfa3a9d: startup date [Fri Jun 19 16:36:28 KST 2020]; root of context hierarchy
[2020-06-19 16:36:29.624] INFO  EmbeddedDatabaseFactory.shutdownDatabase(EmbeddedDatabaseFactory.java:216) - Shutting down embedded database: url='jdbc:hsqldb:mem:dataSource'
[2020-06-19 16:37:41.639] INFO  AbstractTestContextBootstrapper.getDefaultTestExecutionListenerClassNames(AbstractTestContextBootstrapper.java:248) - Loaded default TestExecutionListener class names from location [META-INF/spring.factories]: [org.springframework.test.context.web.ServletTestExecutionListener, org.springframework.test.context.support.DirtiesContextBeforeModesTestExecutionListener, org.springframework.test.context.support.DependencyInjectionTestExecutionListener, org.springframework.test.context.support.DirtiesContextTestExecutionListener, org.springframework.test.context.transaction.TransactionalTestExecutionListener, org.springframework.test.context.jdbc.SqlScriptsTestExecutionListener]
[2020-06-19 16:37:41.654] INFO  AbstractTestContextBootstrapper.getTestExecutionListeners(AbstractTestContextBootstrapper.java:174) - Using TestExecutionListeners: [org.springframework.test.context.web.ServletTestExecutionListener@548b7f67, org.springframework.test.context.support.DirtiesContextBeforeModesTestExecutionListener@7ac7a4e4, org.springframework.test.context.support.DependencyInjectionTestExecutionListener@6d78f375, org.springframework.test.context.support.DirtiesContextTestExecutionListener@50c87b21, org.springframework.test.context.transaction.TransactionalTestExecutionListener@5f375618, org.springframework.test.context.jdbc.SqlScriptsTestExecutionListener@1810399e]
[2020-06-19 16:37:41.732] INFO  XmlBeanDefinitionReader.loadBeanDefinitions(XmlBeanDefinitionReader.java:317) - Loading XML bean definitions from file [C:\egov\workspace\Komyunghak\src\main\webapp\WEB-INF\spring\appServlet\servlet-context.xml]
[2020-06-19 16:37:42.403] INFO  XmlBeanDefinitionReader.loadBeanDefinitions(XmlBeanDefinitionReader.java:317) - Loading XML bean definitions from file [C:\egov\workspace\Komyunghak\src\main\webapp\WEB-INF\spring\root-context.xml]
[2020-06-19 16:37:42.450] INFO  AbstractApplicationContext.prepareRefresh(AbstractApplicationContext.java:583) - Refreshing org.springframework.web.context.support.GenericWebApplicationContext@4dfa3a9d: startup date [Fri Jun 19 16:37:42 KST 2020]; root of context hierarchy
[2020-06-19 16:37:42.577] INFO  AutowiredAnnotationBeanPostProcessor.<init>(AutowiredAnnotationBeanPostProcessor.java:155) - JSR-330 'javax.inject.Inject' annotation found and supported for autowiring
[2020-06-19 16:37:42.857] INFO  AbstractHandlerMethodMapping$MappingRegistry.register(AbstractHandlerMethodMapping.java:544) - Mapped "{[/],methods=[GET]}" onto public java.lang.String org.edu.controller.HomeController.home(java.util.Locale,org.springframework.ui.Model)
[2020-06-19 16:37:42.857] INFO  AbstractHandlerMethodMapping$MappingRegistry.register(AbstractHandlerMethodMapping.java:544) - Mapped "{[/sample/work],methods=[GET]}" onto public java.lang.String org.edu.controller.HomeController.work(java.util.Locale,org.springframework.ui.Model)
[2020-06-19 16:37:42.857] INFO  AbstractHandlerMethodMapping$MappingRegistry.register(AbstractHandlerMethodMapping.java:544) - Mapped "{[/sample/slide],methods=[GET]}" onto public java.lang.String org.edu.controller.HomeController.slide(java.util.Locale,org.springframework.ui.Model)
[2020-06-19 16:37:42.857] INFO  AbstractHandlerMethodMapping$MappingRegistry.register(AbstractHandlerMethodMapping.java:544) - Mapped "{[/sample/contactus],methods=[GET]}" onto public java.lang.String org.edu.controller.HomeController.contactus(java.util.Locale,org.springframework.ui.Model)
[2020-06-19 16:37:42.873] INFO  AbstractHandlerMethodMapping$MappingRegistry.register(AbstractHandlerMethodMapping.java:544) - Mapped "{[/sample/blog],methods=[GET]}" onto public java.lang.String org.edu.controller.HomeController.blog(java.util.Locale,org.springframework.ui.Model)
[2020-06-19 16:37:42.873] INFO  AbstractHandlerMethodMapping$MappingRegistry.register(AbstractHandlerMethodMapping.java:544) - Mapped "{[/sample/weare],methods=[GET]}" onto public java.lang.String org.edu.controller.HomeController.weare(java.util.Locale,org.springframework.ui.Model)
[2020-06-19 16:37:42.873] INFO  AbstractHandlerMethodMapping$MappingRegistry.register(AbstractHandlerMethodMapping.java:544) - Mapped "{[/sample/htmltest],methods=[GET]}" onto public java.lang.String org.edu.controller.HomeController.htmltest(java.util.Locale,org.springframework.ui.Model)
[2020-06-19 16:37:42.873] INFO  AbstractHandlerMethodMapping$MappingRegistry.register(AbstractHandlerMethodMapping.java:544) - Mapped "{[/sample/],methods=[GET]}" onto public java.lang.String org.edu.controller.HomeController.sample(java.util.Locale,org.springframework.ui.Model)
[2020-06-19 16:37:42.982] INFO  RequestMappingHandlerAdapter.initControllerAdviceCache(RequestMappingHandlerAdapter.java:556) - Looking for @ControllerAdvice: org.springframework.web.context.support.GenericWebApplicationContext@4dfa3a9d: startup date [Fri Jun 19 16:37:42 KST 2020]; root of context hierarchy
[2020-06-19 16:37:43.029] INFO  RequestMappingHandlerAdapter.initControllerAdviceCache(RequestMappingHandlerAdapter.java:556) - Looking for @ControllerAdvice: org.springframework.web.context.support.GenericWebApplicationContext@4dfa3a9d: startup date [Fri Jun 19 16:37:42 KST 2020]; root of context hierarchy
[2020-06-19 16:37:43.060] INFO  AbstractUrlHandlerMapping.registerHandler(AbstractUrlHandlerMapping.java:362) - Mapped URL path [/resources/**] onto handler 'org.springframework.web.servlet.resource.ResourceHttpRequestHandler#0'
[2020-06-19 16:37:43.123] INFO  EmbeddedDatabaseFactory.initDatabase(EmbeddedDatabaseFactory.java:185) - Starting embedded database: url='jdbc:hsqldb:mem:dataSource', username='sa'
[2020-06-19 16:37:43.341] INFO  ScriptUtils.executeSqlScript(ScriptUtils.java:443) - Executing SQL script from class path resource [db/edu_hsql.sql]
[2020-06-19 16:37:43.357] INFO  ScriptUtils.executeSqlScript(ScriptUtils.java:509) - Executed SQL script from class path resource [db/edu_hsql.sql] in 16 ms.
[2020-06-19 16:37:43.435] INFO  AbstractApplicationContext.doClose(AbstractApplicationContext.java:984) - Closing org.springframework.web.context.support.GenericWebApplicationContext@4dfa3a9d: startup date [Fri Jun 19 16:37:42 KST 2020]; root of context hierarchy
[2020-06-19 16:37:43.435] INFO  EmbeddedDatabaseFactory.shutdownDatabase(EmbeddedDatabaseFactory.java:216) - Shutting down embedded database: url='jdbc:hsqldb:mem:dataSource'
[2020-06-19 16:38:24.340] INFO  AbstractTestContextBootstrapper.getDefaultTestExecutionListenerClassNames(AbstractTestContextBootstrapper.java:248) - Loaded default TestExecutionListener class names from location [META-INF/spring.factories]: [org.springframework.test.context.web.ServletTestExecutionListener, org.springframework.test.context.support.DirtiesContextBeforeModesTestExecutionListener, org.springframework.test.context.support.DependencyInjectionTestExecutionListener, org.springframework.test.context.support.DirtiesContextTestExecutionListener, org.springframework.test.context.transaction.TransactionalTestExecutionListener, org.springframework.test.context.jdbc.SqlScriptsTestExecutionListener]
[2020-06-19 16:38:24.355] INFO  AbstractTestContextBootstrapper.getTestExecutionListeners(AbstractTestContextBootstrapper.java:174) - Using TestExecutionListeners: [org.springframework.test.context.web.ServletTestExecutionListener@548b7f67, org.springframework.test.context.support.DirtiesContextBeforeModesTestExecutionListener@7ac7a4e4, org.springframework.test.context.support.DependencyInjectionTestExecutionListener@6d78f375, org.springframework.test.context.support.DirtiesContextTestExecutionListener@50c87b21, org.springframework.test.context.transaction.TransactionalTestExecutionListener@5f375618, org.springframework.test.context.jdbc.SqlScriptsTestExecutionListener@1810399e]
[2020-06-19 16:38:24.433] INFO  XmlBeanDefinitionReader.loadBeanDefinitions(XmlBeanDefinitionReader.java:317) - Loading XML bean definitions from file [C:\egov\workspace\Komyunghak\src\main\webapp\WEB-INF\spring\appServlet\servlet-context.xml]
[2020-06-19 16:38:25.167] INFO  XmlBeanDefinitionReader.loadBeanDefinitions(XmlBeanDefinitionReader.java:317) - Loading XML bean definitions from file [C:\egov\workspace\Komyunghak\src\main\webapp\WEB-INF\spring\root-context.xml]
[2020-06-19 16:38:25.221] INFO  AbstractApplicationContext.prepareRefresh(AbstractApplicationContext.java:583) - Refreshing org.springframework.web.context.support.GenericWebApplicationContext@4dfa3a9d: startup date [Fri Jun 19 16:38:25 KST 2020]; root of context hierarchy
[2020-06-19 16:38:25.346] INFO  AutowiredAnnotationBeanPostProcessor.<init>(AutowiredAnnotationBeanPostProcessor.java:155) - JSR-330 'javax.inject.Inject' annotation found and supported for autowiring
[2020-06-19 16:38:25.596] INFO  AbstractHandlerMethodMapping$MappingRegistry.register(AbstractHandlerMethodMapping.java:544) - Mapped "{[/],methods=[GET]}" onto public java.lang.String org.edu.controller.HomeController.home(java.util.Locale,org.springframework.ui.Model)
[2020-06-19 16:38:25.596] INFO  AbstractHandlerMethodMapping$MappingRegistry.register(AbstractHandlerMethodMapping.java:544) - Mapped "{[/sample/work],methods=[GET]}" onto public java.lang.String org.edu.controller.HomeController.work(java.util.Locale,org.springframework.ui.Model)
[2020-06-19 16:38:25.596] INFO  AbstractHandlerMethodMapping$MappingRegistry.register(AbstractHandlerMethodMapping.java:544) - Mapped "{[/sample/slide],methods=[GET]}" onto public java.lang.String org.edu.controller.HomeController.slide(java.util.Locale,org.springframework.ui.Model)
[2020-06-19 16:38:25.596] INFO  AbstractHandlerMethodMapping$MappingRegistry.register(AbstractHandlerMethodMapping.java:544) - Mapped "{[/sample/contactus],methods=[GET]}" onto public java.lang.String org.edu.controller.HomeController.contactus(java.util.Locale,org.springframework.ui.Model)
[2020-06-19 16:38:25.596] INFO  AbstractHandlerMethodMapping$MappingRegistry.register(AbstractHandlerMethodMapping.java:544) - Mapped "{[/sample/blog],methods=[GET]}" onto public java.lang.String org.edu.controller.HomeController.blog(java.util.Locale,org.springframework.ui.Model)
[2020-06-19 16:38:25.596] INFO  AbstractHandlerMethodMapping$MappingRegistry.register(AbstractHandlerMethodMapping.java:544) - Mapped "{[/sample/weare],methods=[GET]}" onto public java.lang.String org.edu.controller.HomeController.weare(java.util.Locale,org.springframework.ui.Model)
[2020-06-19 16:38:25.596] INFO  AbstractHandlerMethodMapping$MappingRegistry.register(AbstractHandlerMethodMapping.java:544) - Mapped "{[/sample/htmltest],methods=[GET]}" onto public java.lang.String org.edu.controller.HomeController.htmltest(java.util.Locale,org.springframework.ui.Model)
[2020-06-19 16:38:25.596] INFO  AbstractHandlerMethodMapping$MappingRegistry.register(AbstractHandlerMethodMapping.java:544) - Mapped "{[/sample/],methods=[GET]}" onto public java.lang.String org.edu.controller.HomeController.sample(java.util.Locale,org.springframework.ui.Model)
[2020-06-19 16:38:25.721] INFO  RequestMappingHandlerAdapter.initControllerAdviceCache(RequestMappingHandlerAdapter.java:556) - Looking for @ControllerAdvice: org.springframework.web.context.support.GenericWebApplicationContext@4dfa3a9d: startup date [Fri Jun 19 16:38:25 KST 2020]; root of context hierarchy
[2020-06-19 16:38:25.752] INFO  RequestMappingHandlerAdapter.initControllerAdviceCache(RequestMappingHandlerAdapter.java:556) - Looking for @ControllerAdvice: org.springframework.web.context.support.GenericWebApplicationContext@4dfa3a9d: startup date [Fri Jun 19 16:38:25 KST 2020]; root of context hierarchy
[2020-06-19 16:38:25.799] INFO  AbstractUrlHandlerMapping.registerHandler(AbstractUrlHandlerMapping.java:362) - Mapped URL path [/resources/**] onto handler 'org.springframework.web.servlet.resource.ResourceHttpRequestHandler#0'
[2020-06-19 16:38:25.845] INFO  EmbeddedDatabaseFactory.initDatabase(EmbeddedDatabaseFactory.java:185) - Starting embedded database: url='jdbc:hsqldb:mem:dataSource', username='sa'
[2020-06-19 16:38:26.079] INFO  ScriptUtils.executeSqlScript(ScriptUtils.java:443) - Executing SQL script from class path resource [db/edu_hsql.sql]
[2020-06-19 16:38:26.095] INFO  ScriptUtils.executeSqlScript(ScriptUtils.java:509) - Executed SQL script from class path resource [db/edu_hsql.sql] in 16 ms.
[2020-06-19 16:38:26.173] INFO  AbstractApplicationContext.doClose(AbstractApplicationContext.java:984) - Closing org.springframework.web.context.support.GenericWebApplicationContext@4dfa3a9d: startup date [Fri Jun 19 16:38:25 KST 2020]; root of context hierarchy
[2020-06-19 16:38:26.173] INFO  EmbeddedDatabaseFactory.shutdownDatabase(EmbeddedDatabaseFactory.java:216) - Shutting down embedded database: url='jdbc:hsqldb:mem:dataSource'
[2020-06-19 17:07:12.224] INFO  AbstractTestContextBootstrapper.getDefaultTestExecutionListenerClassNames(AbstractTestContextBootstrapper.java:248) - Loaded default TestExecutionListener class names from location [META-INF/spring.factories]: [org.springframework.test.context.web.ServletTestExecutionListener, org.springframework.test.context.support.DirtiesContextBeforeModesTestExecutionListener, org.springframework.test.context.support.DependencyInjectionTestExecutionListener, org.springframework.test.context.support.DirtiesContextTestExecutionListener, org.springframework.test.context.transaction.TransactionalTestExecutionListener, org.springframework.test.context.jdbc.SqlScriptsTestExecutionListener]
[2020-06-19 17:07:12.240] INFO  AbstractTestContextBootstrapper.getTestExecutionListeners(AbstractTestContextBootstrapper.java:174) - Using TestExecutionListeners: [org.springframework.test.context.web.ServletTestExecutionListener@32d992b2, org.springframework.test.context.support.DirtiesContextBeforeModesTestExecutionListener@215be6bb, org.springframework.test.context.support.DependencyInjectionTestExecutionListener@4439f31e, org.springframework.test.context.support.DirtiesContextTestExecutionListener@5dfcfece, org.springframework.test.context.transaction.TransactionalTestExecutionListener@23ceabc1, org.springframework.test.context.jdbc.SqlScriptsTestExecutionListener@5d5eef3d]
[2020-06-19 17:07:12.334] INFO  XmlBeanDefinitionReader.loadBeanDefinitions(XmlBeanDefinitionReader.java:317) - Loading XML bean definitions from file [C:\egov\workspace\Komyunghak\src\main\webapp\WEB-INF\spring\appServlet\servlet-context.xml]
[2020-06-19 17:07:13.020] INFO  XmlBeanDefinitionReader.loadBeanDefinitions(XmlBeanDefinitionReader.java:317) - Loading XML bean definitions from file [C:\egov\workspace\Komyunghak\src\main\webapp\WEB-INF\spring\root-context.xml]
[2020-06-19 17:07:13.052] INFO  DefaultListableBeanFactory.registerBeanDefinition(DefaultListableBeanFactory.java:826) - Overriding bean definition for bean 'dataSource' with a different definition: replacing [Root bean: class [org.springframework.jdbc.datasource.embedded.EmbeddedDatabaseFactoryBean]; scope=; abstract=false; lazyInit=false; autowireMode=0; dependencyCheck=0; autowireCandidate=true; primary=false; factoryBeanName=null; factoryMethodName=null; initMethodName=null; destroyMethodName=null] with [Generic bean: class [org.springframework.jdbc.datasource.DriverManagerDataSource]; scope=; abstract=false; lazyInit=false; autowireMode=0; dependencyCheck=0; autowireCandidate=true; primary=false; factoryBeanName=null; factoryMethodName=null; initMethodName=null; destroyMethodName=null; defined in file [C:\egov\workspace\Komyunghak\src\main\webapp\WEB-INF\spring\root-context.xml]]
[2020-06-19 17:07:13.068] INFO  AbstractApplicationContext.prepareRefresh(AbstractApplicationContext.java:583) - Refreshing org.springframework.web.context.support.GenericWebApplicationContext@3abbfa04: startup date [Fri Jun 19 17:07:13 KST 2020]; root of context hierarchy
[2020-06-19 17:07:13.177] INFO  AutowiredAnnotationBeanPostProcessor.<init>(AutowiredAnnotationBeanPostProcessor.java:155) - JSR-330 'javax.inject.Inject' annotation found and supported for autowiring
[2020-06-19 17:07:13.411] INFO  AbstractHandlerMethodMapping$MappingRegistry.register(AbstractHandlerMethodMapping.java:544) - Mapped "{[/],methods=[GET]}" onto public java.lang.String org.edu.controller.HomeController.home(java.util.Locale,org.springframework.ui.Model)
[2020-06-19 17:07:13.411] INFO  AbstractHandlerMethodMapping$MappingRegistry.register(AbstractHandlerMethodMapping.java:544) - Mapped "{[/sample/work],methods=[GET]}" onto public java.lang.String org.edu.controller.HomeController.work(java.util.Locale,org.springframework.ui.Model)
[2020-06-19 17:07:13.411] INFO  AbstractHandlerMethodMapping$MappingRegistry.register(AbstractHandlerMethodMapping.java:544) - Mapped "{[/sample/slide],methods=[GET]}" onto public java.lang.String org.edu.controller.HomeController.slide(java.util.Locale,org.springframework.ui.Model)
[2020-06-19 17:07:13.411] INFO  AbstractHandlerMethodMapping$MappingRegistry.register(AbstractHandlerMethodMapping.java:544) - Mapped "{[/sample/contactus],methods=[GET]}" onto public java.lang.String org.edu.controller.HomeController.contactus(java.util.Locale,org.springframework.ui.Model)
[2020-06-19 17:07:13.411] INFO  AbstractHandlerMethodMapping$MappingRegistry.register(AbstractHandlerMethodMapping.java:544) - Mapped "{[/sample/blog],methods=[GET]}" onto public java.lang.String org.edu.controller.HomeController.blog(java.util.Locale,org.springframework.ui.Model)
[2020-06-19 17:07:13.411] INFO  AbstractHandlerMethodMapping$MappingRegistry.register(AbstractHandlerMethodMapping.java:544) - Mapped "{[/sample/weare],methods=[GET]}" onto public java.lang.String org.edu.controller.HomeController.weare(java.util.Locale,org.springframework.ui.Model)
[2020-06-19 17:07:13.411] INFO  AbstractHandlerMethodMapping$MappingRegistry.register(AbstractHandlerMethodMapping.java:544) - Mapped "{[/sample/htmltest],methods=[GET]}" onto public java.lang.String org.edu.controller.HomeController.htmltest(java.util.Locale,org.springframework.ui.Model)
[2020-06-19 17:07:13.411] INFO  AbstractHandlerMethodMapping$MappingRegistry.register(AbstractHandlerMethodMapping.java:544) - Mapped "{[/sample/],methods=[GET]}" onto public java.lang.String org.edu.controller.HomeController.sample(java.util.Locale,org.springframework.ui.Model)
[2020-06-19 17:07:13.520] INFO  RequestMappingHandlerAdapter.initControllerAdviceCache(RequestMappingHandlerAdapter.java:556) - Looking for @ControllerAdvice: org.springframework.web.context.support.GenericWebApplicationContext@3abbfa04: startup date [Fri Jun 19 17:07:13 KST 2020]; root of context hierarchy
[2020-06-19 17:07:13.551] INFO  RequestMappingHandlerAdapter.initControllerAdviceCache(RequestMappingHandlerAdapter.java:556) - Looking for @ControllerAdvice: org.springframework.web.context.support.GenericWebApplicationContext@3abbfa04: startup date [Fri Jun 19 17:07:13 KST 2020]; root of context hierarchy
[2020-06-19 17:07:13.598] INFO  AbstractUrlHandlerMapping.registerHandler(AbstractUrlHandlerMapping.java:362) - Mapped URL path [/resources/**] onto handler 'org.springframework.web.servlet.resource.ResourceHttpRequestHandler#0'
[2020-06-19 17:07:13.629] INFO  DriverManagerDataSource.setDriverClassName(DriverManagerDataSource.java:133) - Loaded JDBC driver: com.mysql.jdbc.Driver
[2020-06-19 17:07:13.926] INFO  AbstractApplicationContext.doClose(AbstractApplicationContext.java:984) - Closing org.springframework.web.context.support.GenericWebApplicationContext@3abbfa04: startup date [Fri Jun 19 17:07:13 KST 2020]; root of context hierarchy
